<?xml version="1.0" encoding="UTF-8"?>
<testng-results ignored="0" total="1" passed="1" failed="0" skipped="0">
  <reporter-output>
  </reporter-output>
  <suite started-at="2023-01-12T12:51:14 IST" name="Suite" finished-at="2023-01-12T12:51:14 IST" duration-ms="99">
    <groups>
    </groups>
    <test started-at="2023-01-12T12:51:14 IST" name=".xml extension2" finished-at="2023-01-12T12:51:14 IST" duration-ms="99">
      <class name="testng.demotestng">
        <test-method signature="main(org.testng.xml.XmlTest)[pri:0, instance:testng.demotestng@201a4587]" started-at="2023-01-12T12:51:14 IST" name="main" finished-at="2023-01-12T12:51:14 IST" duration-ms="19" status="PASS">
          <params>
            <param index="0">
              <value>
                <![CDATA[org.testng.xml.XmlTest@5cc6fdd5]]>
              </value>
            </param>
          </params>
          <reporter-output>
          </reporter-output>
        </test-method> <!-- main -->
      </class> <!-- testng.demotestng -->
    </test> <!-- .xml extension2 -->
  </suite> <!-- Suite -->
</testng-results>
